<?xml version="1.0" encoding="UTF-8" ?>
<testsuite errors="0" failures="1" hostname="AVTP113" name="com.avanttic.ejemplo.test.AllTests" tests="1" time="0.035" timestamp="2017-03-09T20:49:02">
  <properties>
[...]
</properties>
  <testcase classname="junit.framework.TestSuite$1" name="warning" time="0.0060">
    <failure message="No tests found in com.avanttic.ejemplo.test.AllTests" type="junit.framework.AssertionFailedError">junit.framework.AssertionFailedError: No tests found in com.avanttic.ejemplo.test.AllTests
</failure>
  </testcase>
  <system-out><![CDATA[]]></system-out>
  <system-err><![CDATA[]]></system-err>
</testsuite>
